<?xml version="1.0" encoding="UTF-8"?>
<testsuite name="cse110.IntegrationTest" tests="1" skipped="0" failures="0" errors="0" timestamp="2023-05-12T22:33:24" hostname="Claires-MacBook-Pro.local" time="3.194">
  <properties/>
  <testcase name="testWhisperChatGPTIntegration()" classname="cse110.IntegrationTest" time="3.194"/>
  <system-out><![CDATA[Who was the tallest man alive?
]]></system-out>
  <system-err><![CDATA[]]></system-err>
</testsuite>
