<?xml version="1.0" encoding="UTF-8"?>
<testsuite name="cse110.WhisperTest" tests="1" skipped="0" failures="0" errors="0" timestamp="2023-05-12T22:33:27" hostname="Claires-MacBook-Pro.local" time="1.042">
  <properties/>
  <testcase name="testWhisper()" classname="cse110.WhisperTest" time="1.042"/>
  <system-out><![CDATA[Who was the tallest man alive?
]]></system-out>
  <system-err><![CDATA[]]></system-err>
</testsuite>
