<?xml version="1.0" encoding="UTF-8"?>
<testsuite name="cse110.AudioRecorderTest" tests="1" skipped="0" failures="0" errors="0" timestamp="2023-05-12T22:33:24" hostname="Claires-MacBook-Pro.local" time="0.011">
  <properties/>
  <testcase name="testSaveFile()" classname="cse110.AudioRecorderTest" time="0.011"/>
  <system-out><![CDATA[]]></system-out>
  <system-err><![CDATA[]]></system-err>
</testsuite>
